# JRE version: OpenJDK Runtime Environment (23.0.1+11) (build 23.0.1+11-39)
# Java VM: OpenJDK 64-Bit Server VM (23.0.1+11-39, mixed mode, sharing, tiered, compressed oops, compressed class ptrs, g1 gc, windows-amd64)
GC Precious Log:
 CardTable entry size: 512
 Card Set container configuration: InlinePtr #cards 5 size 8 Array Of Cards #cards 10 size 36 Howl #buckets 4 coarsen threshold 1843 Howl Bitmap #cards 512 size 80 coarsen threshold 460 Card regions per heap region 1 cards per card region 2048
 CPUs: 4 total, 4 available
 Memory: 8160M
 Large Page Support: Disabled
 NUMA Support: Disabled
 Compressed Oops: Enabled (32-bit)
 Heap Region Size: 1M
 Heap Min Capacity: 8M
 Heap Initial Capacity: 128M
 Heap Max Capacity: 2042M
 Pre-touch: Disabled
 Parallel Workers: 4
 Concurrent Workers: 1
 Concurrent Refinement Workers: 4
 Periodic GC: Disabled
Heap:
 garbage-first heap   total reserved 2091008K, committed 66560K, used 39628K [0x0000000080600000, 0x0000000100000000)
  region size 1024K, 4 young (4096K), 3 survivors (3072K)
 Metaspace       used 79698K, committed 80512K, reserved 1179648K
  class space    used 11472K, committed 11840K, reserved 1048576K
GC Heap History (20 events):
Event: 18.119 GC heap before
{Heap before GC invocations=15 (full 0):
 garbage-first heap   total reserved 2091008K, committed 51200K, used 44451K [0x0000000080600000, 0x0000000100000000)
  region size 1024K, 20 young (20480K), 2 survivors (2048K)
 Metaspace       used 57592K, committed 58112K, reserved 1114112K
  class space    used 8088K, committed 8320K, reserved 1048576K
}
Event: 18.127 GC heap after
{Heap after GC invocations=16 (full 0):
 garbage-first heap   total reserved 2091008K, committed 51200K, used 27125K [0x0000000080600000, 0x0000000100000000)
  region size 1024K, 2 young (2048K), 2 survivors (2048K)
 Metaspace       used 57592K, committed 58112K, reserved 1114112K
  class space    used 8088K, committed 8320K, reserved 1048576K
}
Event: 18.738 GC heap before
{Heap before GC invocations=16 (full 0):
 garbage-first heap   total reserved 2091008K, committed 51200K, used 44533K [0x0000000080600000, 0x0000000100000000)
  region size 1024K, 20 young (20480K), 2 survivors (2048K)
 Metaspace       used 61260K, committed 61888K, reserved 1114112K
  class space    used 8623K, committed 8896K, reserved 1048576K
}
Event: 18.747 GC heap after
{Heap after GC invocations=17 (full 0):
 garbage-first heap   total reserved 2091008K, committed 51200K, used 28192K [0x0000000080600000, 0x0000000100000000)
  region size 1024K, 3 young (3072K), 3 survivors (3072K)
 Metaspace       used 61260K, committed 61888K, reserved 1114112K
  class space    used 8623K, committed 8896K, reserved 1048576K
}
Event: 19.818 GC heap before
{Heap before GC invocations=18 (full 0):
 garbage-first heap   total reserved 2091008K, committed 51200K, used 43552K [0x0000000080600000, 0x0000000100000000)
  region size 1024K, 19 young (19456K), 3 survivors (3072K)
 Metaspace       used 64175K, committed 64768K, reserved 1114112K
  class space    used 9085K, committed 9344K, reserved 1048576K
}
Event: 19.829 GC heap after
{Heap after GC invocations=19 (full 0):
 garbage-first heap   total reserved 2091008K, committed 51200K, used 29494K [0x0000000080600000, 0x0000000100000000)
  region size 1024K, 3 young (3072K), 3 survivors (3072K)
 Metaspace       used 64175K, committed 64768K, reserved 1114112K
  class space    used 9085K, committed 9344K, reserved 1048576K
}
Event: 20.611 GC heap before
{Heap before GC invocations=19 (full 0):
 garbage-first heap   total reserved 2091008K, committed 51200K, used 42806K [0x0000000080600000, 0x0000000100000000)
  region size 1024K, 17 young (17408K), 3 survivors (3072K)
 Metaspace       used 66453K, committed 67136K, reserved 1114112K
  class space    used 9420K, committed 9728K, reserved 1048576K
}
Event: 20.622 GC heap after
{Heap after GC invocations=20 (full 0):
 garbage-first heap   total reserved 2091008K, committed 51200K, used 29929K [0x0000000080600000, 0x0000000100000000)
  region size 1024K, 3 young (3072K), 3 survivors (3072K)
 Metaspace       used 66453K, committed 67136K, reserved 1114112K
  class space    used 9420K, committed 9728K, reserved 1048576K
}
Event: 21.649 GC heap before
{Heap before GC invocations=20 (full 0):
 garbage-first heap   total reserved 2091008K, committed 51200K, used 44265K [0x0000000080600000, 0x0000000100000000)
  region size 1024K, 17 young (17408K), 3 survivors (3072K)
 Metaspace       used 68988K, committed 69632K, reserved 1114112K
  class space    used 9822K, committed 10112K, reserved 1048576K
}
Event: 21.660 GC heap after
{Heap after GC invocations=21 (full 0):
 garbage-first heap   total reserved 2091008K, committed 51200K, used 31890K [0x0000000080600000, 0x0000000100000000)
  region size 1024K, 3 young (3072K), 3 survivors (3072K)
 Metaspace       used 68988K, committed 69632K, reserved 1114112K
  class space    used 9822K, committed 10112K, reserved 1048576K
}
Event: 22.183 GC heap before
{Heap before GC invocations=22 (full 0):
 garbage-first heap   total reserved 2091008K, committed 55296K, used 43154K [0x0000000080600000, 0x0000000100000000)
  region size 1024K, 14 young (14336K), 3 survivors (3072K)
 Metaspace       used 69662K, committed 70336K, reserved 1114112K
  class space    used 9940K, committed 10240K, reserved 1048576K
}
Event: 22.193 GC heap after
{Heap after GC invocations=23 (full 0):
 garbage-first heap   total reserved 2091008K, committed 55296K, used 32597K [0x0000000080600000, 0x0000000100000000)
  region size 1024K, 1 young (1024K), 1 survivors (1024K)
 Metaspace       used 69662K, committed 70336K, reserved 1114112K
  class space    used 9940K, committed 10240K, reserved 1048576K
}
Event: 22.880 GC heap before
{Heap before GC invocations=23 (full 0):
 garbage-first heap   total reserved 2091008K, committed 55296K, used 50005K [0x0000000080600000, 0x0000000100000000)
  region size 1024K, 18 young (18432K), 1 survivors (1024K)
 Metaspace       used 71695K, committed 72384K, reserved 1114112K
  class space    used 10220K, committed 10496K, reserved 1048576K
}
Event: 22.889 GC heap after
{Heap after GC invocations=24 (full 0):
 garbage-first heap   total reserved 2091008K, committed 66560K, used 33642K [0x0000000080600000, 0x0000000100000000)
  region size 1024K, 3 young (3072K), 3 survivors (3072K)
 Metaspace       used 71695K, committed 72384K, reserved 1114112K
  class space    used 10220K, committed 10496K, reserved 1048576K
}
Event: 23.882 GC heap before
{Heap before GC invocations=24 (full 0):
 garbage-first heap   total reserved 2091008K, committed 66560K, used 58218K [0x0000000080600000, 0x0000000100000000)
  region size 1024K, 27 young (27648K), 3 survivors (3072K)
 Metaspace       used 74636K, committed 75392K, reserved 1114112K
  class space    used 10668K, committed 11008K, reserved 1048576K
}
Event: 23.894 GC heap after
{Heap after GC invocations=25 (full 0):
 garbage-first heap   total reserved 2091008K, committed 66560K, used 35463K [0x0000000080600000, 0x0000000100000000)
  region size 1024K, 4 young (4096K), 4 survivors (4096K)
 Metaspace       used 74636K, committed 75392K, reserved 1114112K
  class space    used 10668K, committed 11008K, reserved 1048576K
}
Event: 24.933 GC heap before
{Heap before GC invocations=25 (full 0):
 garbage-first heap   total reserved 2091008K, committed 66560K, used 57991K [0x0000000080600000, 0x0000000100000000)
  region size 1024K, 26 young (26624K), 4 survivors (4096K)
 Metaspace       used 76850K, committed 77568K, reserved 1179648K
  class space    used 11007K, committed 11328K, reserved 1048576K
}
Event: 24.949 GC heap after
{Heap after GC invocations=26 (full 0):
 garbage-first heap   total reserved 2091008K, committed 66560K, used 37261K [0x0000000080600000, 0x0000000100000000)
  region size 1024K, 2 young (2048K), 2 survivors (2048K)
 Metaspace       used 76850K, committed 77568K, reserved 1179648K
  class space    used 11007K, committed 11328K, reserved 1048576K
}
Event: 26.888 GC heap before
{Heap before GC invocations=26 (full 0):
 garbage-first heap   total reserved 2091008K, committed 66560K, used 58765K [0x0000000080600000, 0x0000000100000000)
  region size 1024K, 24 young (24576K), 2 survivors (2048K)
 Metaspace       used 79698K, committed 80512K, reserved 1179648K
  class space    used 11472K, committed 11840K, reserved 1048576K
}
Event: 26.899 GC heap after
{Heap after GC invocations=27 (full 0):
 garbage-first heap   total reserved 2091008K, committed 66560K, used 39628K [0x0000000080600000, 0x0000000100000000)
  region size 1024K, 3 young (3072K), 3 survivors (3072K)
 Metaspace       used 79698K, committed 80512K, reserved 1179648K
  class space    used 11472K, committed 11840K, reserved 1048576K
}

